\BOOKMARK [0][-]{section*.4}{\376\377\000\332\000v\000o\000d}{}% 1
\BOOKMARK [0][-]{chapter.1}{\376\377\0001\000\040\000A\000n\000a\000l\000y\000t\000i\000c\000k\000\341\000\040\001\015\000a\000s\001\145}{}% 2
\BOOKMARK [1][-]{section.1.1}{\376\377\0001\000.\0001\000\040\001\014\000o\000\040\000j\000e\000\040\000t\000o\000\040\000I\000n\000t\000e\000r\000n\000e\000t\000\040\000v\000e\000c\000\355}{chapter.1}% 3
\BOOKMARK [1][-]{section.1.2}{\376\377\0001\000.\0002\000\040\000M\000o\000j\000e\000\040\000s\000k\000\372\000s\000e\000n\000o\000s\000t\000i\000\040\000s\000\040\000v\000y\000u\001\015\000o\000v\000a\000n\000\355\000m\000\040\000i\000o\000t\000\040\000a\000\040\000p\000r\000\341\000c\000o\000u\000\040\000s\000\040\000e\000l\000e\000k\000t\000r\000o\000n\000i\000k\000o\000u}{chapter.1}% 4
\BOOKMARK [1][-]{section.1.3}{\376\377\0001\000.\0003\000\040\000A\000n\000a\000l\000\375\000z\000a\000\040\000p\000o\000d\000o\000b\000n\000\375\000c\000h\000\040\000r\000i\000e\001\141\000e\000n\000\355\000\040\000a\000\040\000c\000i\000e\001\076\000o\000v\000e\000j\000\040\000s\000k\000u\000p\000i\000n\000y\000\040\000p\000r\000o\000j\000e\000k\000t\000u\000.}{chapter.1}% 5
\BOOKMARK [2][-]{subsection.1.3.1}{\376\377\0001\000.\0003\000.\0001\000\040\000A\000n\000a\000l\000\375\000z\000a\000\040\000r\000i\000e\001\141\000e\000n\000\355\000\040\000n\000a\000\040\000S\000l\000o\000v\000e\000n\000s\000k\000u}{section.1.3}% 6
\BOOKMARK [2][-]{subsection.1.3.2}{\376\377\0001\000.\0003\000.\0002\000\040\000A\000n\000a\000l\000\375\000z\000a\000\040\000m\000e\000d\000z\000i\000n\000\341\000r\000o\000d\000n\000\375\000c\000h\000\040\000r\000i\000e\001\141\000e\000n\000\355}{section.1.3}% 7
\BOOKMARK [2][-]{subsection.1.3.3}{\376\377\0001\000.\0003\000.\0003\000\040\000A\000n\000a\000l\000\375\000z\000a\000\040\000z\000n\000a\000l\000o\000s\000t\000\355\000\040\001\141\000t\000u\000d\000e\000n\000t\000o\000v\000\040\000s\000t\000r\000e\000d\000n\000\375\000c\000h\000\040\001\141\000k\000\364\000l\000\040\000n\000a\000\040\000S\000l\000o\000v\000e\000n\000s\000k\000u}{section.1.3}% 8
\BOOKMARK [1][-]{section.1.4}{\376\377\0001\000.\0004\000\040\000P\000o\000d\000r\000o\000b\000n\000\351\000\040\000p\000l\000\341\000n\000o\000v\000a\000n\000i\000e\000\040\000p\000r\000o\000j\000e\000k\000t\000u\000\040\000a\000\040\000j\000e\000h\000o\000\040\000j\000e\000d\000n\000o\000t\000l\000i\000v\000\375\000c\000h\000\040\001\015\000a\000s\000t\000\355}{chapter.1}% 9
\BOOKMARK [2][-]{subsection.1.4.1}{\376\377\0001\000.\0004\000.\0001\000\040\000Z\000\341\000k\000l\000a\000d\000n\000\351\000\040\000p\000r\000i\000n\000c\000\355\000p\000y}{section.1.4}% 10
\BOOKMARK [2][-]{subsection.1.4.2}{\376\377\0001\000.\0004\000.\0002\000\040\000M\000o\000j\000a\000\040\000v\000\355\000z\000i\000a\000\040\000p\000r\000o\000j\000e\000k\000t\000u\000\040\000a\000\040\000j\000e\000h\000o\000\040\000p\000l\000\341\000n\000o\000v\000a\000n\000i\000a}{section.1.4}% 11
\BOOKMARK [2][-]{subsection.1.4.3}{\376\377\0001\000.\0004\000.\0003\000\040\000V\000\375\000b\000e\000r\000\040\000t\000\351\000m\000y\000\040\000p\000r\000e\000\040\000p\000r\000o\000j\000e\000k\000t}{section.1.4}% 12
\BOOKMARK [2][-]{subsection.1.4.4}{\376\377\0001\000.\0004\000.\0004\000\040\000V\000\375\000b\000e\000r\000\040\000s\000o\000f\000t\000v\000\351\000r\000u\000\040\000a\000\040\000h\000a\000r\000d\000v\000\351\000r\000u\000\040\000n\000a\000\040\001\141\000k\000o\000l\000e\000n\000i\000e}{section.1.4}% 13
\BOOKMARK [2][-]{subsection.1.4.5}{\376\377\0001\000.\0004\000.\0005\000\040\000V\000\375\000b\000e\000r\000\040\000m\000o\000d\000e\000l\000u\000\040\000m\000i\000k\000r\000o\000k\000o\000n\000t\000r\000o\000l\000\351\000r\000a}{section.1.4}% 14
\BOOKMARK [2][-]{subsection.1.4.6}{\376\377\0001\000.\0004\000.\0006\000\040\000D\000o\000d\000a\000t\000o\001\015\000n\000\351\000\040\000p\000e\000r\000i\000f\000\351\000r\000i\000e\000\040\000p\000r\000e\000\040\000R\000a\000s\000p\000b\000e\000r\000r\000y\000\040\000P\000i\000\040\000P\000i\000c\000o\000\040\000W}{section.1.4}% 15
\BOOKMARK [2][-]{subsection.1.4.7}{\376\377\0001\000.\0004\000.\0007\000\040\000V\000\375\000b\000e\000r\000\040\000m\000q\000t\000t\000\040\000b\000r\000o\000k\000e\000r\000a}{section.1.4}% 16
\BOOKMARK [2][-]{subsection.1.4.8}{\376\377\0001\000.\0004\000.\0008\000\040\000P\000r\000e\001\015\000o\000\040\000N\000o\000d\000e\000R\000e\000d\000?}{section.1.4}% 17
\BOOKMARK [0][-]{chapter.2}{\376\377\0002\000\040\000S\000y\000n\000t\000e\000t\000i\000c\000k\000\341\000\040\001\015\000a\000s\001\145}{}% 18
\BOOKMARK [1][-]{section.2.1}{\376\377\0002\000.\0001\000\040\000P\000o\001\015\000i\000a\000t\000o\001\015\000n\000\375\000\040\000v\000\375\000v\000o\000j\000\040\000m\000e\000t\000e\000o\000s\000t\000a\000n\000i\000c\000e}{chapter.2}% 19
\BOOKMARK [2][-]{subsection.2.1.1}{\376\377\0002\000.\0001\000.\0001\000\040\000P\000r\000v\000\351\000\040\000p\000o\000k\000u\000s\000y}{section.2.1}% 20
\BOOKMARK [2][-]{subsection.2.1.2}{\376\377\0002\000.\0001\000.\0002\000\040\000Z\000\341\000s\000a\000d\000y\000\040\000v\000\375\000v\000o\000j\000a}{section.2.1}% 21
\BOOKMARK [1][-]{section.2.2}{\376\377\0002\000.\0002\000\040\000H\000a\000r\000d\000v\000\351\000r\000o\000v\000\341\000\040\001\015\000a\000s\001\145\000\040\000m\000e\000t\000e\000o\000s\000t\000a\000n\000i\000c\000e}{chapter.2}% 22
\BOOKMARK [2][-]{subsection.2.2.1}{\376\377\0002\000.\0002\000.\0001\000\040\000S\000c\000h\000\351\000m\000a\000\040\000z\000a\000p\000o\000j\000e\000n\000i\000a}{section.2.2}% 23
\BOOKMARK [2][-]{subsection.2.2.2}{\376\377\0002\000.\0002\000.\0002\000\040\000P\000r\000\355\000k\000l\000a\000d\000y\000\040\000r\000e\000a\000l\000i\000z\000\341\000c\000i\000e\000\040\000s\000c\000h\000\351\000m\000y\000\040\000z\000a\000p\000o\000j\000e\000n\000i\000a}{section.2.2}% 24
\BOOKMARK [1][-]{section.2.3}{\376\377\0002\000.\0003\000\040\000V\000\375\000v\000o\000j\000\040\000s\000o\000f\000t\000v\000\351\000r\000o\000v\000e\000j\000\040\001\015\000a\000s\000t\000i\000\040\000m\000e\000t\000e\000o\000s\000t\000a\000n\000i\000c\000e}{chapter.2}% 25
\BOOKMARK [1][-]{section.2.4}{\376\377\0002\000.\0004\000\040\000H\000l\000a\000v\000n\000\341\000\040\001\015\000a\000s\001\145\000\040\000v\000\375\000v\000o\000j\000a\000\040\000\050\000P\000r\000v\000\341\000\040\000i\000t\000e\000r\000\341\000c\000i\000a\000\051}{chapter.2}% 26
\BOOKMARK [2][-]{subsection.2.4.1}{\376\377\0002\000.\0004\000.\0001\000\040\000P\000o\000s\000t\000u\000p\000\040\000v\000\375\000v\000o\000j\000a}{section.2.4}% 27
\BOOKMARK [2][-]{subsection.2.4.2}{\376\377\0002\000.\0004\000.\0002\000\040\000P\000o\000m\000o\000c\000n\000\341\000\040\000k\000n\000i\001\176\000n\000i\000c\000a}{section.2.4}% 28
\BOOKMARK [2][-]{subsection.2.4.3}{\376\377\0002\000.\0004\000.\0003\000\040\000K\000r\000i\000t\000i\000c\000k\000\351\000\040\000p\000r\000o\000b\000l\000\351\000m\000y\000,\000\040\000s\000\040\000k\000t\000o\000r\000\375\000m\000i\000\040\000s\000o\000m\000\040\000s\000a\000\040\000s\000t\000r\000e\000t\000o\000l\000\040\000p\000o\001\015\000a\000s\000\040\000v\000\375\000v\000o\000j\000a\000.}{section.2.4}% 29
\BOOKMARK [2][-]{subsection.2.4.4}{\376\377\0002\000.\0004\000.\0004\000\040\000V\000\375\000s\000l\000e\000d\000o\000k\000\040\000v\000\375\000v\000o\000j\000a\000\040\000a\000\040\000p\000o\000t\000r\000e\000b\000a\000\040\000r\000e\000f\000a\000k\000t\000o\000r\000i\000n\000g\000u\000.}{section.2.4}% 30
\BOOKMARK [1][-]{section.2.5}{\376\377\0002\000.\0005\000\040\000R\000e\000f\000a\000k\000t\000o\000r\000i\000n\000g\000\040\000\050\000D\000r\000u\000h\000\341\000\040\000i\000t\000e\000r\000\341\000c\000i\000a\000\051}{chapter.2}% 31
\BOOKMARK [2][-]{subsection.2.5.1}{\376\377\0002\000.\0005\000.\0001\000\040\000K\000o\000n\000e\001\015\000n\000\375\000\040\000s\000t\000a\000v\000o\000v\000\375\000\040\000a\000u\000t\000o\000m\000a\000t\000\040\000v\000\040\000p\000r\000o\000j\000e\000k\000t\000e}{section.2.5}% 32
\BOOKMARK [2][-]{subsection.2.5.2}{\376\377\0002\000.\0005\000.\0002\000\040\000V\000\375\000s\000l\000e\000d\000o\000k\000\040\000r\000e\000f\000a\000k\000t\000o\000r\000o\000v\000a\000n\000i\000a\000\040\000k\000\363\000d\000u\000.}{section.2.5}% 33
\BOOKMARK [1][-]{section.2.6}{\376\377\0002\000.\0006\000\040\000T\000e\000s\000t\000o\000v\000a\000n\000i\000e\000\040\000\050\000T\000r\000e\000t\000i\000a\000\040\000i\000t\000e\000r\000\341\000c\000i\000a\000\051}{chapter.2}% 34
\BOOKMARK [2][-]{subsection.2.6.1}{\376\377\0002\000.\0006\000.\0001\000\040\000C\000i\000e\000l\000e}{section.2.6}% 35
\BOOKMARK [2][-]{subsection.2.6.2}{\376\377\0002\000.\0006\000.\0002\000\040\000P\000r\000\355\000p\000r\000a\000v\000a}{section.2.6}% 36
\BOOKMARK [2][-]{subsection.2.6.3}{\376\377\0002\000.\0006\000.\0003\000\040\000\332\000r\000o\000v\000e\001\110\000\040\000z\000n\000a\000l\000o\000s\000t\000\355\000\040\001\141\000t\000u\000d\000e\000n\000t\000o\000v}{section.2.6}% 37
\BOOKMARK [2][-]{subsection.2.6.4}{\376\377\0002\000.\0006\000.\0004\000\040\000V\000\375\000s\000l\000e\000d\000k\000y}{section.2.6}% 38
\BOOKMARK [2][-]{subsection.2.6.5}{\376\377\0002\000.\0006\000.\0005\000\040\000Z\000\341\000v\000e\000r}{section.2.6}% 39
\BOOKMARK [1][-]{section.2.7}{\376\377\0002\000.\0007\000\040\000Z\000h\000r\000o\000m\000a\001\176\001\017\000o\000v\000a\000n\000i\000e\000\040\000\372\000d\000a\000j\000o\000v\000\040\000n\000a\000\040\000b\000r\000\341\000n\000e\000\040\000a\000\040\000i\000c\000h\000\040\000s\000p\000r\000a\000c\000o\000v\000a\000n\000i\000e}{chapter.2}% 40
\BOOKMARK [1][-]{section.2.8}{\376\377\0002\000.\0008\000\040\000A\000n\000a\000l\000i\000z\000a\000\040\000p\000r\000i\000d\000a\000n\000e\000j\000\040\000h\000o\000d\000n\000o\000t\000y\000\040\000p\000r\000o\000j\000e\000k\000t\000u}{chapter.2}% 41
\BOOKMARK [2][-]{subsection.2.8.1}{\376\377\0002\000.\0008\000.\0001\000\040\000H\000l\000a\000v\000n\000\341\000\040\001\015\000a\000s\001\145\000\040\000a\000n\000a\000l\000\375\000z\000y}{section.2.8}% 42
\BOOKMARK [2][-]{subsection.2.8.2}{\376\377\0002\000.\0008\000.\0002\000\040\000Z\000\341\000v\000e\000r\000\040\000a\000n\000a\000l\000\375\000z\000y}{section.2.8}% 43
\BOOKMARK [0][-]{chapter.3}{\376\377\0003\000\040\000V\000y\000h\000o\000d\000n\000o\000t\000e\000n\000i\000e}{}% 44
\BOOKMARK [1][-]{section.3.1}{\376\377\0003\000.\0001\000\040\000T\000\351\000m\000a\000\040\000a\000\040\000a\000r\000c\000h\000i\000t\000e\000k\000t\000\372\000r\000a\000\040\000p\000r\000o\000j\000e\000k\000t\000u}{chapter.3}% 45
\BOOKMARK [1][-]{section.3.2}{\376\377\0003\000.\0002\000\040\000S\000o\000f\000t\000v\000\351\000r\000\040\000m\000e\000t\000e\000o\000s\000t\000a\000n\000i\000c\000e}{chapter.3}% 46
\BOOKMARK [1][-]{section.3.3}{\376\377\0003\000.\0003\000\040\000P\000r\000o\000g\000r\000a\000m\000\040\000n\000a\000\040\000b\000r\000\341\000n\000e}{chapter.3}% 47
\BOOKMARK [1][-]{section.3.4}{\376\377\0003\000.\0004\000\040\000T\000e\000s\000t\000o\000v\000a\000n\000i\000e}{chapter.3}% 48
\BOOKMARK [1][-]{section.3.5}{\376\377\0003\000.\0005\000\040\000Z\000h\000r\000n\000u\000t\000i\000e}{chapter.3}% 49
\BOOKMARK [0][-]{chapter.4}{\376\377\0004\000\040\000Z\000\341\000v\000e\000r}{}% 50
\BOOKMARK [0][-]{chapter*.22}{\376\377\000L\000i\000t\000e\000r\000a\000t\000\372\000r\000a}{}% 51
\BOOKMARK [0][-]{section*.23}{\376\377\000S\000l\000o\000v\000n\000\355\000k}{}% 52
\BOOKMARK [0][-]{chapter*.25}{\376\377\000Z\000o\000z\000n\000a\000m\000\040\000p\000r\000\355\000l\000o\000h}{}% 53
\BOOKMARK [0][-]{appendix.A}{\376\377\000A\000\040\001\140\000t\000r\000u\000k\000t\000\372\000r\000a\000\040\000p\000r\000o\000j\000e\000k\000t\000u}{}% 54
\BOOKMARK [1][-]{section.A.1}{\376\377\000A\000.\0001\000\040\000S\000\372\001\015\000a\000s\000t\000i\000\040\000m\000e\000t\000e\000o\000s\000t\000a\000n\000i\000c\000e}{appendix.A}% 55
\BOOKMARK [2][-]{subsection.A.1.1}{\376\377\000A\000.\0001\000.\0001\000\040\000H\000a\000r\000d\000v\000\351\000r\000\040\000m\000e\000t\000e\000o\000s\000t\000a\000n\000i\000c\000e}{section.A.1}% 56
\BOOKMARK [2][-]{subsection.A.1.2}{\376\377\000A\000.\0001\000.\0002\000\040\000S\000o\000f\000t\000v\000\351\000r\000\040\000m\000e\000t\000e\000o\000s\000t\000a\000n\000i\000c\000e}{section.A.1}% 57
\BOOKMARK [1][-]{section.A.2}{\376\377\000A\000.\0002\000\040\000S\000\372\001\015\000a\000s\000t\000i\000\040\000i\000o\000t\000\040\000b\000r\000\341\000n\000y}{appendix.A}% 58
\BOOKMARK [2][-]{subsection.A.2.1}{\376\377\000A\000.\0002\000.\0001\000\040\000H\000a\000r\000d\000v\000\351\000r}{section.A.2}% 59
\BOOKMARK [2][-]{subsection.A.2.2}{\376\377\000A\000.\0002\000.\0002\000\040\000S\000o\000f\000t\000v\000\351\000r}{section.A.2}% 60
\BOOKMARK [2][-]{subsection.A.2.3}{\376\377\000A\000.\0002\000.\0003\000\040\000A\000l\000t\000e\000r\000n\000a\000t\000\355\000v\000n\000y\000\040\000p\000o\000s\000t\000u\000p}{section.A.2}% 61
